[#|2013-03-09T14:56:40.770-0200|INFO|glassfish3.1.2|com.sun.enterprise.server.logging.GFFileHandler|_ThreadID=1;_ThreadName=Thread-2;|Running GlassFish Version: GlassFish Server Open Source Edition 3.1.2.2 (build 5)|#]

[#|2013-03-09T14:56:40.937-0200|INFO|glassfish3.1.2|org.glassfish.ha.store.spi.BackingStoreFactoryRegistry|_ThreadID=1;_ThreadName=Thread-2;|Registered org.glassfish.ha.store.adapter.cache.ShoalBackingStoreProxy for persistence-type = replicated in BackingStoreFactoryRegistry|#]

[#|2013-03-09T14:56:41.399-0200|INFO|glassfish3.1.2|javax.enterprise.system.core.com.sun.enterprise.v3.services.impl|_ThreadID=31;_ThreadName=Thread-2;|Grizzly Framework 1.9.50 started in: 126ms - bound to [0.0.0.0:38501]|#]

[#|2013-03-09T14:56:41.401-0200|INFO|glassfish3.1.2|javax.enterprise.system.core.com.sun.enterprise.v3.services.impl|_ThreadID=29;_ThreadName=Thread-2;|Grizzly Framework 1.9.50 started in: 145ms - bound to [0.0.0.0:38545]|#]

[#|2013-03-09T14:56:41.401-0200|INFO|glassfish3.1.2|javax.enterprise.system.core.com.sun.enterprise.v3.services.impl|_ThreadID=30;_ThreadName=Thread-2;|Grizzly Framework 1.9.50 started in: 136ms - bound to [0.0.0.0:38512]|#]

[#|2013-03-09T14:56:41.401-0200|INFO|glassfish3.1.2|javax.enterprise.system.core.com.sun.enterprise.v3.services.impl|_ThreadID=28;_ThreadName=Thread-2;|Grizzly Framework 1.9.50 started in: 174ms - bound to [0.0.0.0:38544]|#]

[#|2013-03-09T14:56:41.400-0200|INFO|glassfish3.1.2|javax.enterprise.system.core.com.sun.enterprise.v3.services.impl|_ThreadID=33;_ThreadName=Thread-2;|Grizzly Framework 1.9.50 started in: 111ms - bound to [0.0.0.0:38540]|#]

[#|2013-03-09T14:56:41.758-0200|INFO|glassfish3.1.2|javax.enterprise.system.core.com.sun.enterprise.v3.server|_ThreadID=1;_ThreadName=Thread-2;|GlassFish Server Open Source Edition 3.1.2.2 (5) startup time : Felix (8,870ms), startup services(1,991ms), total(10,861ms)|#]

[#|2013-03-09T14:56:42.815-0200|INFO|glassfish3.1.2|org.hibernate.validator.internal.util.Version|_ThreadID=35;_ThreadName=Thread-2;|HV000001: Hibernate Validator 4.3.0.Final|#]

[#|2013-03-09T14:56:43.464-0200|INFO|glassfish3.1.2|javax.enterprise.system.core.com.sun.enterprise.v3.services.impl|_ThreadID=59;_ThreadName=Thread-2;|Grizzly Framework 1.9.50 started in: 27ms - bound to [0.0.0.0:38544]|#]

[#|2013-03-09T14:56:44.130-0200|INFO|glassfish3.1.2|null|_ThreadID=35;_ThreadName=Thread-2;|unable to read instance state file /home/felipe/Projects/UFCG/SI1/Projeto/projetosi120122/Server/glassfish/domains/SIdomain/config/.instancestate, recreating|#]

[#|2013-03-09T14:56:45.418-0200|INFO|glassfish3.1.2|javax.enterprise.system.core.com.sun.enterprise.v3.services.impl|_ThreadID=63;_ThreadName=Thread-2;|Grizzly Framework 1.9.50 started in: 1ms - bound to [0.0.0.0:38545]|#]

[#|2013-03-09T14:56:47.104-0200|INFO|glassfish3.1.2|javax.enterprise.system.jmx.org.glassfish.admin.mbeanserver|_ThreadID=65;_ThreadName=Thread-2;|JMX005: JMXStartupService had Started JMXConnector on JMXService URL service:jmx:rmi://notebook2.home:38550/jndi/rmi://notebook2.home:38550/jmxrmi|#]

[#|2013-03-09T14:56:48.021-0200|INFO|glassfish3.1.2|javax.enterprise.system.core.security.com.sun.enterprise.security|_ThreadID=34;_ThreadName=Thread-2;|SEC1002: Security Manager is OFF.|#]

[#|2013-03-09T14:56:48.440-0200|INFO|glassfish3.1.2|javax.enterprise.system.core.security.com.sun.enterprise.security|_ThreadID=34;_ThreadName=Thread-2;|SEC1010: Entering Security Startup Service|#]

[#|2013-03-09T14:56:48.447-0200|INFO|glassfish3.1.2|javax.enterprise.system.core.security.com.sun.enterprise.security|_ThreadID=34;_ThreadName=Thread-2;|SEC1143: Loading policy provider com.sun.enterprise.security.provider.PolicyWrapper.|#]

[#|2013-03-09T14:56:48.588-0200|INFO|glassfish3.1.2|javax.enterprise.system.core.security.com.sun.enterprise.security.auth.realm|_ThreadID=34;_ThreadName=Thread-2;|SEC1115: Realm [admin-realm] of classtype [com.sun.enterprise.security.auth.realm.file.FileRealm] successfully created.|#]

[#|2013-03-09T14:56:48.590-0200|INFO|glassfish3.1.2|javax.enterprise.system.core.security.com.sun.enterprise.security.auth.realm|_ThreadID=34;_ThreadName=Thread-2;|SEC1115: Realm [file] of classtype [com.sun.enterprise.security.auth.realm.file.FileRealm] successfully created.|#]

[#|2013-03-09T14:56:48.597-0200|INFO|glassfish3.1.2|javax.enterprise.system.core.security.com.sun.enterprise.security.auth.realm|_ThreadID=34;_ThreadName=Thread-2;|SEC1115: Realm [certificate] of classtype [com.sun.enterprise.security.auth.realm.certificate.CertificateRealm] successfully created.|#]

[#|2013-03-09T14:56:48.609-0200|INFO|glassfish3.1.2|javax.enterprise.system.core.security.com.sun.enterprise.security|_ThreadID=34;_ThreadName=Thread-2;|SEC1011: Security Service(s) Started Successfully|#]

[#|2013-03-09T14:56:48.878-0200|INFO|glassfish3.1.2|javax.enterprise.system.container.web.com.sun.enterprise.web|_ThreadID=34;_ThreadName=Thread-2;|WEB0169: Created HTTP listener [http-listener-1] on host/port [0.0.0.0:38544]|#]

[#|2013-03-09T14:56:48.896-0200|INFO|glassfish3.1.2|javax.enterprise.system.container.web.com.sun.enterprise.web|_ThreadID=34;_ThreadName=Thread-2;|WEB0169: Created HTTP listener [http-listener-2] on host/port [0.0.0.0:38545]|#]

[#|2013-03-09T14:56:48.906-0200|INFO|glassfish3.1.2|javax.enterprise.system.container.web.com.sun.enterprise.web|_ThreadID=34;_ThreadName=Thread-2;|WEB0169: Created HTTP listener [admin-listener] on host/port [0.0.0.0:38512]|#]

[#|2013-03-09T14:56:48.943-0200|INFO|glassfish3.1.2|javax.enterprise.system.container.web.com.sun.enterprise.web|_ThreadID=34;_ThreadName=Thread-2;|WEB0171: Created virtual server [server]|#]

[#|2013-03-09T14:56:48.946-0200|INFO|glassfish3.1.2|javax.enterprise.system.container.web.com.sun.enterprise.web|_ThreadID=34;_ThreadName=Thread-2;|WEB0171: Created virtual server [__asadmin]|#]

[#|2013-03-09T14:56:49.477-0200|INFO|glassfish3.1.2|javax.enterprise.system.container.web.com.sun.enterprise.web|_ThreadID=34;_ThreadName=Thread-2;|WEB0172: Virtual server [server] loaded default web module []|#]

[#|2013-03-09T14:56:52.103-0200|INFO|glassfish3.1.2|org.jboss.weld.Version|_ThreadID=34;_ThreadName=Thread-2;|WELD-000900 1.1.8 (Final)|#]

[#|2013-03-09T14:56:54.806-0200|INFO|glassfish3.1.2|javax.enterprise.resource.webcontainer.jsf.config|_ThreadID=34;_ThreadName=Thread-2;|Initializing Mojarra 2.1.6 (SNAPSHOT 20111206) for context '/projetosi120122'|#]

[#|2013-03-09T14:56:56.531-0200|INFO|glassfish3.1.2|org.primefaces.webapp.PostConstructApplicationEventListener|_ThreadID=34;_ThreadName=Thread-2;|Running on PrimeFaces 3.4|#]

[#|2013-03-09T14:56:56.557-0200|INFO|glassfish3.1.2|javax.enterprise.system.container.web.com.sun.enterprise.web|_ThreadID=34;_ThreadName=Thread-2;|WEB0671: Loading application [projetosi120122] at [/projetosi120122]|#]

[#|2013-03-09T14:56:56.723-0200|INFO|glassfish3.1.2|javax.enterprise.system.tools.admin.org.glassfish.deployment.admin|_ThreadID=34;_ThreadName=Thread-2;|projetosi120122 was successfully deployed in 10,567 milliseconds.|#]

[#|2013-03-09T14:58:50.367-0200|INFO|glassfish3.1.2|null|_ThreadID=64;_ThreadName=Thread-2;|Domain Pinged: stable.glassfish.org|#]

[#|2013-03-09T14:59:05.186-0200|INFO|glassfish3.1.2|javax.enterprise.system.tools.admin.com.sun.enterprise.v3.admin|_ThreadID=103;_ThreadName=Thread-2;|Server shutdown initiated|#]

[#|2013-03-09T14:59:07.568-0200|INFO|glassfish3.1.2|javax.enterprise.system.jmx.org.glassfish.admin.mbeanserver|_ThreadID=103;_ThreadName=Thread-2;|JMX002: JMXStartupService: Stopped JMXConnectorServer: null|#]

[#|2013-03-09T14:59:07.569-0200|INFO|glassfish3.1.2|javax.enterprise.system.jmx.org.glassfish.admin.mbeanserver|_ThreadID=103;_ThreadName=Thread-2;|JMX001: JMXStartupService and JMXConnectors have been shut down.|#]

[#|2013-03-09T14:59:07.569-0200|INFO|glassfish3.1.2|javax.enterprise.system.core.com.sun.enterprise.v3.server|_ThreadID=103;_ThreadName=Thread-2;|Shutdown procedure finished|#]

[#|2013-03-09T15:42:19.124-0200|INFO|glassfish3.1.2|com.sun.enterprise.server.logging.GFFileHandler|_ThreadID=1;_ThreadName=Thread-2;|Running GlassFish Version: GlassFish Server Open Source Edition 3.1.2.2 (build 5)|#]

[#|2013-03-09T15:42:19.289-0200|INFO|glassfish3.1.2|org.glassfish.ha.store.spi.BackingStoreFactoryRegistry|_ThreadID=1;_ThreadName=Thread-2;|Registered org.glassfish.ha.store.adapter.cache.ShoalBackingStoreProxy for persistence-type = replicated in BackingStoreFactoryRegistry|#]

[#|2013-03-09T15:42:19.738-0200|INFO|glassfish3.1.2|javax.enterprise.system.core.com.sun.enterprise.v3.services.impl|_ThreadID=22;_ThreadName=Thread-2;|Grizzly Framework 1.9.50 started in: 152ms - bound to [0.0.0.0:38544]|#]

[#|2013-03-09T15:42:19.738-0200|INFO|glassfish3.1.2|javax.enterprise.system.core.com.sun.enterprise.v3.services.impl|_ThreadID=21;_ThreadName=Thread-2;|Grizzly Framework 1.9.50 started in: 79ms - bound to [0.0.0.0:38545]|#]

[#|2013-03-09T15:42:19.738-0200|INFO|glassfish3.1.2|javax.enterprise.system.core.com.sun.enterprise.v3.services.impl|_ThreadID=26;_ThreadName=Thread-2;|Grizzly Framework 1.9.50 started in: 22ms - bound to [0.0.0.0:38512]|#]

[#|2013-03-09T15:42:19.768-0200|INFO|glassfish3.1.2|javax.enterprise.system.core.com.sun.enterprise.v3.services.impl|_ThreadID=29;_ThreadName=Thread-2;|Grizzly Framework 1.9.50 started in: 14ms - bound to [0.0.0.0:38501]|#]

[#|2013-03-09T15:42:19.797-0200|INFO|glassfish3.1.2|javax.enterprise.system.core.com.sun.enterprise.v3.services.impl|_ThreadID=32;_ThreadName=Thread-2;|Grizzly Framework 1.9.50 started in: 26ms - bound to [0.0.0.0:38540]|#]

[#|2013-03-09T15:42:22.205-0200|INFO|glassfish3.1.2|javax.enterprise.system.core.security.com.sun.enterprise.security|_ThreadID=1;_ThreadName=Thread-2;|SEC1002: Security Manager is OFF.|#]

[#|2013-03-09T15:42:22.727-0200|INFO|glassfish3.1.2|javax.enterprise.system.core.security.com.sun.enterprise.security|_ThreadID=1;_ThreadName=Thread-2;|SEC1010: Entering Security Startup Service|#]

[#|2013-03-09T15:42:22.735-0200|INFO|glassfish3.1.2|javax.enterprise.system.core.security.com.sun.enterprise.security|_ThreadID=1;_ThreadName=Thread-2;|SEC1143: Loading policy provider com.sun.enterprise.security.provider.PolicyWrapper.|#]

[#|2013-03-09T15:42:22.814-0200|INFO|glassfish3.1.2|javax.enterprise.system.core.security.com.sun.enterprise.security.auth.realm|_ThreadID=1;_ThreadName=Thread-2;|SEC1115: Realm [admin-realm] of classtype [com.sun.enterprise.security.auth.realm.file.FileRealm] successfully created.|#]

[#|2013-03-09T15:42:22.836-0200|INFO|glassfish3.1.2|javax.enterprise.system.core.security.com.sun.enterprise.security.auth.realm|_ThreadID=1;_ThreadName=Thread-2;|SEC1115: Realm [file] of classtype [com.sun.enterprise.security.auth.realm.file.FileRealm] successfully created.|#]

[#|2013-03-09T15:42:22.846-0200|INFO|glassfish3.1.2|javax.enterprise.system.core.security.com.sun.enterprise.security.auth.realm|_ThreadID=1;_ThreadName=Thread-2;|SEC1115: Realm [certificate] of classtype [com.sun.enterprise.security.auth.realm.certificate.CertificateRealm] successfully created.|#]

[#|2013-03-09T15:42:22.859-0200|INFO|glassfish3.1.2|javax.enterprise.system.core.security.com.sun.enterprise.security|_ThreadID=1;_ThreadName=Thread-2;|SEC1011: Security Service(s) Started Successfully|#]

[#|2013-03-09T15:42:23.300-0200|INFO|glassfish3.1.2|javax.enterprise.system.container.web.com.sun.enterprise.web|_ThreadID=1;_ThreadName=Thread-2;|WEB0169: Created HTTP listener [http-listener-1] on host/port [0.0.0.0:38544]|#]

[#|2013-03-09T15:42:23.311-0200|INFO|glassfish3.1.2|javax.enterprise.system.container.web.com.sun.enterprise.web|_ThreadID=1;_ThreadName=Thread-2;|WEB0169: Created HTTP listener [http-listener-2] on host/port [0.0.0.0:38545]|#]

[#|2013-03-09T15:42:23.320-0200|INFO|glassfish3.1.2|javax.enterprise.system.container.web.com.sun.enterprise.web|_ThreadID=1;_ThreadName=Thread-2;|WEB0169: Created HTTP listener [admin-listener] on host/port [0.0.0.0:38512]|#]

[#|2013-03-09T15:42:23.351-0200|INFO|glassfish3.1.2|javax.enterprise.system.container.web.com.sun.enterprise.web|_ThreadID=1;_ThreadName=Thread-2;|WEB0171: Created virtual server [server]|#]

[#|2013-03-09T15:42:23.354-0200|INFO|glassfish3.1.2|javax.enterprise.system.container.web.com.sun.enterprise.web|_ThreadID=1;_ThreadName=Thread-2;|WEB0171: Created virtual server [__asadmin]|#]

[#|2013-03-09T15:42:23.692-0200|INFO|glassfish3.1.2|javax.enterprise.system.container.web.com.sun.enterprise.web|_ThreadID=1;_ThreadName=Thread-2;|WEB0172: Virtual server [server] loaded default web module []|#]

[#|2013-03-09T15:42:25.741-0200|INFO|glassfish3.1.2|org.jboss.weld.Version|_ThreadID=1;_ThreadName=Thread-2;|WELD-000900 1.1.8 (Final)|#]

[#|2013-03-09T15:42:25.950-0200|INFO|glassfish3.1.2|org.hibernate.validator.internal.util.Version|_ThreadID=1;_ThreadName=Thread-2;|HV000001: Hibernate Validator 4.3.0.Final|#]

[#|2013-03-09T15:42:28.089-0200|INFO|glassfish3.1.2|javax.enterprise.resource.webcontainer.jsf.config|_ThreadID=1;_ThreadName=Thread-2;|Initializing Mojarra 2.1.6 (SNAPSHOT 20111206) for context '/projetosi120122'|#]

[#|2013-03-09T15:42:29.700-0200|INFO|glassfish3.1.2|org.primefaces.webapp.PostConstructApplicationEventListener|_ThreadID=1;_ThreadName=Thread-2;|Running on PrimeFaces 3.4|#]

[#|2013-03-09T15:42:29.725-0200|INFO|glassfish3.1.2|javax.enterprise.system.container.web.com.sun.enterprise.web|_ThreadID=1;_ThreadName=Thread-2;|WEB0671: Loading application [projetosi120122] at [/projetosi120122]|#]

[#|2013-03-09T15:42:29.736-0200|INFO|glassfish3.1.2|javax.enterprise.system.core.com.sun.enterprise.v3.server|_ThreadID=1;_ThreadName=Thread-2;|CORE10010: Loading application projetosi120122 done in 9,611 ms|#]

[#|2013-03-09T15:42:29.738-0200|INFO|glassfish3.1.2|javax.enterprise.system.core.com.sun.enterprise.v3.server|_ThreadID=1;_ThreadName=Thread-2;|GlassFish Server Open Source Edition 3.1.2.2 (5) startup time : Felix (8,377ms), startup services(11,248ms), total(19,625ms)|#]

[#|2013-03-09T15:42:30.787-0200|INFO|glassfish3.1.2|javax.enterprise.system.jmx.org.glassfish.admin.mbeanserver|_ThreadID=55;_ThreadName=Thread-2;|JMX005: JMXStartupService had Started JMXConnector on JMXService URL service:jmx:rmi://notebook2.home:38550/jndi/rmi://notebook2.home:38550/jmxrmi|#]

[#|2013-03-09T15:42:30.909-0200|INFO|glassfish3.1.2|javax.enterprise.system.container.web.com.sun.enterprise.web|_ThreadID=73;_ThreadName=Thread-2;|WEB0169: Created HTTP listener [http-listener-1] on host/port [0.0.0.0:38544]|#]

[#|2013-03-09T15:42:30.931-0200|INFO|glassfish3.1.2|javax.enterprise.system.core.com.sun.enterprise.v3.services.impl|_ThreadID=86;_ThreadName=Thread-2;|Grizzly Framework 1.9.50 started in: 2ms - bound to [0.0.0.0:38544]|#]

[#|2013-03-09T15:42:31.906-0200|INFO|glassfish3.1.2|javax.enterprise.system.container.web.com.sun.enterprise.web|_ThreadID=71;_ThreadName=Thread-2;|WEB0169: Created HTTP listener [http-listener-2] on host/port [0.0.0.0:38545]|#]

[#|2013-03-09T15:42:31.916-0200|INFO|glassfish3.1.2|javax.enterprise.system.core.com.sun.enterprise.v3.services.impl|_ThreadID=90;_ThreadName=Thread-2;|Grizzly Framework 1.9.50 started in: 1ms - bound to [0.0.0.0:38545]|#]

[#|2013-03-09T15:42:34.106-0200|INFO|glassfish3.1.2|javax.enterprise.resource.webcontainer.jsf.config|_ThreadID=33;_ThreadName=Thread-2;|Initializing Mojarra 2.1.6 (SNAPSHOT 20111206) for context '/projetosi120122'|#]

[#|2013-03-09T15:42:34.354-0200|INFO|glassfish3.1.2|org.primefaces.webapp.PostConstructApplicationEventListener|_ThreadID=33;_ThreadName=Thread-2;|Running on PrimeFaces 3.4|#]

[#|2013-03-09T15:42:34.376-0200|INFO|glassfish3.1.2|javax.enterprise.system.container.web.com.sun.enterprise.web|_ThreadID=33;_ThreadName=Thread-2;|WEB0671: Loading application [projetosi120122] at [/projetosi120122]|#]

[#|2013-03-09T15:42:34.415-0200|INFO|glassfish3.1.2|javax.enterprise.system.tools.admin.org.glassfish.deployment.admin|_ThreadID=33;_ThreadName=Thread-2;|projetosi120122 was successfully deployed in 2,426 milliseconds.|#]

[#|2013-03-09T15:43:09.542-0200|WARNING|glassfish3.1.2|org.apache.catalina.connector.Request|_ThreadID=97;_ThreadName=Thread-2;|PWC4011: Unable to set request character encoding to UTF-8 from context /projetosi120122, because request parameters have already been read, or ServletRequest.getReader() has already been called|#]

[#|2013-03-09T15:43:12.643-0200|WARNING|glassfish3.1.2|org.apache.catalina.connector.Request|_ThreadID=99;_ThreadName=Thread-2;|PWC4011: Unable to set request character encoding to UTF-8 from context /projetosi120122, because request parameters have already been read, or ServletRequest.getReader() has already been called|#]

[#|2013-03-09T15:43:12.722-0200|WARNING|glassfish3.1.2|org.apache.catalina.connector.Request|_ThreadID=97;_ThreadName=Thread-2;|PWC4011: Unable to set request character encoding to UTF-8 from context /projetosi120122, because request parameters have already been read, or ServletRequest.getReader() has already been called|#]

[#|2013-03-09T15:43:13.202-0200|WARNING|glassfish3.1.2|javax.enterprise.resource.webcontainer.jsf.renderkit|_ThreadID=97;_ThreadName=Thread-2;|JSF1090: Navigation case not resolved for component j_idt65.|#]

[#|2013-03-09T15:43:29.854-0200|WARNING|glassfish3.1.2|org.apache.catalina.connector.Request|_ThreadID=97;_ThreadName=Thread-2;|PWC4011: Unable to set request character encoding to UTF-8 from context /projetosi120122, because request parameters have already been read, or ServletRequest.getReader() has already been called|#]

[#|2013-03-09T15:43:29.954-0200|WARNING|glassfish3.1.2|javax.enterprise.resource.webcontainer.jsf.renderkit|_ThreadID=97;_ThreadName=Thread-2;|JSF1090: Navigation case not resolved for component j_idt65.|#]

[#|2013-03-09T15:43:30.773-0200|WARNING|glassfish3.1.2|org.apache.catalina.connector.Request|_ThreadID=95;_ThreadName=Thread-2;|PWC4011: Unable to set request character encoding to UTF-8 from context /projetosi120122, because request parameters have already been read, or ServletRequest.getReader() has already been called|#]

[#|2013-03-09T15:43:30.820-0200|WARNING|glassfish3.1.2|javax.enterprise.resource.webcontainer.jsf.renderkit|_ThreadID=95;_ThreadName=Thread-2;|JSF1090: Navigation case not resolved for component j_idt65.|#]

[#|2013-03-09T15:44:19.288-0200|WARNING|glassfish3.1.2|org.apache.catalina.connector.Request|_ThreadID=96;_ThreadName=Thread-2;|PWC4011: Unable to set request character encoding to UTF-8 from context /projetosi120122, because request parameters have already been read, or ServletRequest.getReader() has already been called|#]

[#|2013-03-09T15:44:26.431-0200|WARNING|glassfish3.1.2|org.apache.catalina.connector.Request|_ThreadID=96;_ThreadName=Thread-2;|PWC4011: Unable to set request character encoding to UTF-8 from context /projetosi120122, because request parameters have already been read, or ServletRequest.getReader() has already been called|#]

[#|2013-03-09T15:45:35.621-0200|WARNING|glassfish3.1.2|org.apache.catalina.connector.Request|_ThreadID=98;_ThreadName=Thread-2;|PWC4011: Unable to set request character encoding to UTF-8 from context /projetosi120122, because request parameters have already been read, or ServletRequest.getReader() has already been called|#]

[#|2013-03-09T15:45:48.398-0200|SEVERE|glassfish3.1.2|javax.enterprise.resource.webcontainer.jsf.application|_ThreadID=96;_ThreadName=Thread-2;|Error Rendering View[/profile.xhtml]
javax.el.ELException: /profile.xhtml: java.lang.NullPointerException
	at com.sun.faces.facelets.compiler.TextInstruction.write(TextInstruction.java:88)
	at com.sun.faces.facelets.compiler.UIInstructions.encodeBegin(UIInstructions.java:82)
	at org.primefaces.renderkit.CoreRenderer.renderChild(CoreRenderer.java:52)
	at org.primefaces.renderkit.CoreRenderer.renderChildren(CoreRenderer.java:43)
	at org.primefaces.component.panel.PanelRenderer.encodeContent(PanelRenderer.java:198)
	at org.primefaces.component.panel.PanelRenderer.encodeMarkup(PanelRenderer.java:115)
	at org.primefaces.component.panel.PanelRenderer.encodeEnd(PanelRenderer.java:55)
	at javax.faces.component.UIComponentBase.encodeEnd(UIComponentBase.java:875)
	at javax.faces.component.UIComponent.encodeAll(UIComponent.java:1764)
	at javax.faces.component.UIComponent.encodeAll(UIComponent.java:1760)
	at javax.faces.component.UIComponent.encodeAll(UIComponent.java:1760)
	at com.sun.faces.application.view.FaceletViewHandlingStrategy.renderView(FaceletViewHandlingStrategy.java:402)
	at com.sun.faces.application.view.MultiViewHandler.renderView(MultiViewHandler.java:131)
	at javax.faces.application.ViewHandlerWrapper.renderView(ViewHandlerWrapper.java:288)
	at com.sun.faces.lifecycle.RenderResponsePhase.execute(RenderResponsePhase.java:121)
	at com.sun.faces.lifecycle.Phase.doPhase(Phase.java:101)
	at com.sun.faces.lifecycle.LifecycleImpl.render(LifecycleImpl.java:139)
	at javax.faces.webapp.FacesServlet.service(FacesServlet.java:594)
	at org.apache.catalina.core.StandardWrapper.service(StandardWrapper.java:1550)
	at org.apache.catalina.core.StandardWrapperValve.invoke(StandardWrapperValve.java:281)
	at org.apache.catalina.core.StandardContextValve.invoke(StandardContextValve.java:175)
	at org.apache.catalina.core.StandardPipeline.doInvoke(StandardPipeline.java:655)
	at org.apache.catalina.core.StandardPipeline.invoke(StandardPipeline.java:595)
	at org.apache.catalina.core.StandardHostValve.invoke(StandardHostValve.java:161)
	at org.apache.catalina.connector.CoyoteAdapter.doService(CoyoteAdapter.java:331)
	at org.apache.catalina.connector.CoyoteAdapter.service(CoyoteAdapter.java:231)
	at com.sun.enterprise.v3.services.impl.ContainerMapper$AdapterCallable.call(ContainerMapper.java:317)
	at com.sun.enterprise.v3.services.impl.ContainerMapper.service(ContainerMapper.java:195)
	at com.sun.grizzly.http.ProcessorTask.invokeAdapter(ProcessorTask.java:860)
	at com.sun.grizzly.http.ProcessorTask.doProcess(ProcessorTask.java:757)
	at com.sun.grizzly.http.ProcessorTask.process(ProcessorTask.java:1056)
	at com.sun.grizzly.http.DefaultProtocolFilter.execute(DefaultProtocolFilter.java:229)
	at com.sun.grizzly.DefaultProtocolChain.executeProtocolFilter(DefaultProtocolChain.java:137)
	at com.sun.grizzly.DefaultProtocolChain.execute(DefaultProtocolChain.java:104)
	at com.sun.grizzly.DefaultProtocolChain.execute(DefaultProtocolChain.java:90)
	at com.sun.grizzly.http.HttpProtocolChain.execute(HttpProtocolChain.java:79)
	at com.sun.grizzly.ProtocolChainContextTask.doCall(ProtocolChainContextTask.java:54)
	at com.sun.grizzly.SelectionKeyContextTask.call(SelectionKeyContextTask.java:59)
	at com.sun.grizzly.ContextTask.run(ContextTask.java:71)
	at com.sun.grizzly.util.AbstractThreadPool$Worker.doWork(AbstractThreadPool.java:532)
	at com.sun.grizzly.util.AbstractThreadPool$Worker.run(AbstractThreadPool.java:513)
	at java.lang.Thread.run(Thread.java:722)
Caused by: java.lang.NullPointerException
	at project.web.UserBean.getName(UserBean.java:51)
	at project.web.UserBean$Proxy$_$$_WeldClientProxy.getName(UserBean$Proxy$_$$_WeldClientProxy.java)
	at sun.reflect.NativeMethodAccessorImpl.invoke0(Native Method)
	at sun.reflect.NativeMethodAccessorImpl.invoke(NativeMethodAccessorImpl.java:57)
	at sun.reflect.DelegatingMethodAccessorImpl.invoke(DelegatingMethodAccessorImpl.java:43)
	at java.lang.reflect.Method.invoke(Method.java:601)
	at javax.el.BeanELResolver.getValue(BeanELResolver.java:363)
	at com.sun.faces.el.DemuxCompositeELResolver._getValue(DemuxCompositeELResolver.java:176)
	at com.sun.faces.el.DemuxCompositeELResolver.getValue(DemuxCompositeELResolver.java:203)
	at com.sun.el.parser.AstValue.getValue(AstValue.java:138)
	at com.sun.el.parser.AstValue.getValue(AstValue.java:183)
	at com.sun.el.ValueExpressionImpl.getValue(ValueExpressionImpl.java:224)
	at org.jboss.weld.el.WeldValueExpression.getValue(WeldValueExpression.java:50)
	at com.sun.faces.facelets.el.ELText$ELTextVariable.writeText(ELText.java:227)
	at com.sun.faces.facelets.el.ELText$ELTextComposite.writeText(ELText.java:150)
	at com.sun.faces.facelets.compiler.TextInstruction.write(TextInstruction.java:85)
	... 41 more
|#]

[#|2013-03-09T15:45:53.914-0200|WARNING|glassfish3.1.2|org.apache.catalina.connector.Request|_ThreadID=95;_ThreadName=Thread-2;|PWC4011: Unable to set request character encoding to UTF-8 from context /projetosi120122, because request parameters have already been read, or ServletRequest.getReader() has already been called|#]

[#|2013-03-09T15:45:53.927-0200|WARNING|glassfish3.1.2|org.apache.catalina.connector.Request|_ThreadID=99;_ThreadName=Thread-2;|PWC4011: Unable to set request character encoding to UTF-8 from context /projetosi120122, because request parameters have already been read, or ServletRequest.getReader() has already been called|#]

[#|2013-03-09T15:46:01.581-0200|WARNING|glassfish3.1.2|org.apache.catalina.connector.Request|_ThreadID=95;_ThreadName=Thread-2;|PWC4011: Unable to set request character encoding to UTF-8 from context /projetosi120122, because request parameters have already been read, or ServletRequest.getReader() has already been called|#]

[#|2013-03-09T15:46:01.594-0200|WARNING|glassfish3.1.2|org.apache.catalina.connector.Request|_ThreadID=97;_ThreadName=Thread-2;|PWC4011: Unable to set request character encoding to UTF-8 from context /projetosi120122, because request parameters have already been read, or ServletRequest.getReader() has already been called|#]

[#|2013-03-09T15:46:21.602-0200|WARNING|glassfish3.1.2|org.apache.catalina.connector.Request|_ThreadID=98;_ThreadName=Thread-2;|PWC4011: Unable to set request character encoding to UTF-8 from context /projetosi120122, because request parameters have already been read, or ServletRequest.getReader() has already been called|#]

[#|2013-03-09T15:46:23.538-0200|WARNING|glassfish3.1.2|org.apache.catalina.connector.Request|_ThreadID=97;_ThreadName=Thread-2;|PWC4011: Unable to set request character encoding to UTF-8 from context /projetosi120122, because request parameters have already been read, or ServletRequest.getReader() has already been called|#]

[#|2013-03-09T15:46:25.467-0200|WARNING|glassfish3.1.2|org.apache.catalina.connector.Request|_ThreadID=95;_ThreadName=Thread-2;|PWC4011: Unable to set request character encoding to UTF-8 from context /projetosi120122, because request parameters have already been read, or ServletRequest.getReader() has already been called|#]

[#|2013-03-09T15:46:25.480-0200|WARNING|glassfish3.1.2|org.apache.catalina.connector.Request|_ThreadID=97;_ThreadName=Thread-2;|PWC4011: Unable to set request character encoding to UTF-8 from context /projetosi120122, because request parameters have already been read, or ServletRequest.getReader() has already been called|#]

[#|2013-03-09T15:50:41.477-0200|WARNING|glassfish3.1.2|org.apache.catalina.connector.Request|_ThreadID=95;_ThreadName=Thread-2;|PWC4011: Unable to set request character encoding to UTF-8 from context /projetosi120122, because request parameters have already been read, or ServletRequest.getReader() has already been called|#]

[#|2013-03-09T15:50:49.742-0200|WARNING|glassfish3.1.2|org.apache.catalina.connector.Request|_ThreadID=97;_ThreadName=Thread-2;|PWC4011: Unable to set request character encoding to UTF-8 from context /projetosi120122, because request parameters have already been read, or ServletRequest.getReader() has already been called|#]

[#|2013-03-09T15:54:19.493-0200|WARNING|glassfish3.1.2|org.apache.catalina.connector.Request|_ThreadID=97;_ThreadName=Thread-2;|PWC4011: Unable to set request character encoding to UTF-8 from context /projetosi120122, because request parameters have already been read, or ServletRequest.getReader() has already been called|#]

[#|2013-03-09T15:54:21.026-0200|WARNING|glassfish3.1.2|org.apache.catalina.connector.Request|_ThreadID=99;_ThreadName=Thread-2;|PWC4011: Unable to set request character encoding to UTF-8 from context /projetosi120122, because request parameters have already been read, or ServletRequest.getReader() has already been called|#]

[#|2013-03-09T15:54:21.038-0200|WARNING|glassfish3.1.2|org.apache.catalina.connector.Request|_ThreadID=97;_ThreadName=Thread-2;|PWC4011: Unable to set request character encoding to UTF-8 from context /projetosi120122, because request parameters have already been read, or ServletRequest.getReader() has already been called|#]

[#|2013-03-09T15:54:27.705-0200|WARNING|glassfish3.1.2|org.apache.catalina.connector.Request|_ThreadID=97;_ThreadName=Thread-2;|PWC4011: Unable to set request character encoding to UTF-8 from context /projetosi120122, because request parameters have already been read, or ServletRequest.getReader() has already been called|#]

[#|2013-03-09T15:55:24.854-0200|WARNING|glassfish3.1.2|org.apache.catalina.connector.Request|_ThreadID=98;_ThreadName=Thread-2;|PWC4011: Unable to set request character encoding to UTF-8 from context /projetosi120122, because request parameters have already been read, or ServletRequest.getReader() has already been called|#]

[#|2013-03-09T15:55:24.913-0200|WARNING|glassfish3.1.2|org.apache.catalina.connector.Request|_ThreadID=95;_ThreadName=Thread-2;|PWC4011: Unable to set request character encoding to UTF-8 from context /projetosi120122, because request parameters have already been read, or ServletRequest.getReader() has already been called|#]

[#|2013-03-09T15:55:32.862-0200|WARNING|glassfish3.1.2|org.apache.catalina.connector.Request|_ThreadID=98;_ThreadName=Thread-2;|PWC4011: Unable to set request character encoding to UTF-8 from context /projetosi120122, because request parameters have already been read, or ServletRequest.getReader() has already been called|#]

[#|2013-03-09T15:55:32.871-0200|WARNING|glassfish3.1.2|org.apache.catalina.connector.Request|_ThreadID=97;_ThreadName=Thread-2;|PWC4011: Unable to set request character encoding to UTF-8 from context /projetosi120122, because request parameters have already been read, or ServletRequest.getReader() has already been called|#]

[#|2013-03-09T15:56:13.164-0200|WARNING|glassfish3.1.2|org.apache.catalina.connector.Request|_ThreadID=98;_ThreadName=Thread-2;|PWC4011: Unable to set request character encoding to UTF-8 from context /projetosi120122, because request parameters have already been read, or ServletRequest.getReader() has already been called|#]

[#|2013-03-09T15:56:13.179-0200|WARNING|glassfish3.1.2|org.apache.catalina.connector.Request|_ThreadID=97;_ThreadName=Thread-2;|PWC4011: Unable to set request character encoding to UTF-8 from context /projetosi120122, because request parameters have already been read, or ServletRequest.getReader() has already been called|#]

